0 info it worked if it ends with ok
1 verbose cli [ 'C:\\Program Files\\nodejs\\node.exe',
1 verbose cli   'C:\\Program Files\\nodejs\\node_modules\\npm\\bin\\npm-cli.js',
1 verbose cli   'run',
1 verbose cli   'precommit' ]
2 info using npm@3.6.0
3 info using node@v5.7.0
4 verbose run-script [ 'precommit' ]
5 info lifecycle eventmatch-api@1.0.0~precommit: eventmatch-api@1.0.0
6 verbose lifecycle eventmatch-api@1.0.0~precommit: unsafe-perm in lifecycle true
7 verbose lifecycle eventmatch-api@1.0.0~precommit: PATH: C:\Program Files\nodejs\node_modules\npm\bin\node-gyp-bin;D:\workspace\senac\eventmatch-api\node_modules\.bin;C:\Program Files\Git\mingw64\libexec\git-core;C:\users\bruno\bin;C:\Program Files\Git\mingw64\bin;C:\Program Files\Git\usr\local\bin;C:\Program Files\Git\usr\bin;C:\Program Files\Git\usr\bin;C:\users\bruno\bin;C:\Program Files\Git\mingw64\bin;C:\Program Files\Git\usr\local\bin;C:\Program Files\Git\usr\bin;C:\Program Files\Git\usr\bin;C:\Program Files\Git\mingw64\bin;C:\Program Files\Git\usr\bin;C:\users\bruno\bin;C:\Program Files (x86)\Intel\iCLS Client;C:\Program Files\Intel\iCLS Client;C:\Program Files (x86)\EasyPHP-DevServer-14.1VC9\binaries\php\php_runningversion;C:\ProgramData\Oracle\Java\javapath;C:\WINDOWS\system32;C:\WINDOWS;C:\WINDOWS\System32\Wbem;C:\WINDOWS\System32\WindowsPowerShell\v1.0;C:\Program Files (x86)\Skype\Phone;C:\Program Files\nodejs;C:\Ruby22-x64\bin;C:\Ruby22-x64\bin\gem.bat;C:\Program Files\Sublime Text 3;C:\Users\bruno\AppData\Local\Pandoc;C:\Program Files\MongoDB\Server\3.2\bin;C:\Program Files (x86)\Heroku\bin;C:\Program Files (x86)\git\cmd;C:\Program Files\Git\cmd;C:\Program Files\Intel\Intel(R) Management Engine Components\DAL;C:\Program Files\Intel\Intel(R) Management Engine Components\IPT;C:\Program Files (x86)\Intel\Intel(R) Management Engine Components\DAL;C:\Program Files (x86)\Intel\Intel(R) Management Engine Components\IPT;C:\Users\bruno\AppData\Roaming\npm;C:\Users\bruno\.babun;C:\Ruby22-x64\bin;C:\Ruby22-x64\bin\gem.bat;C:\Users\bruno\AppData\Local\Pandoc;C:\Program Files\Docker Toolbox;C:\Users\bruno\AppData\Local\Microsoft\WindowsApps;C:\Users\bruno\AppData\Local\atom\bin;C:\Program Files\Git\usr\bin\vendor_perl;C:\Program Files\Git\usr\bin\core_perl;C:\Program Files\Git\usr\bin\vendor_perl;C:\Program Files\Git\usr\bin\core_perl
8 verbose lifecycle eventmatch-api@1.0.0~precommit: CWD: D:\workspace\senac\eventmatch-api
9 silly lifecycle eventmatch-api@1.0.0~precommit: Args: [ '/d /s /c', 'npm run lint' ]
10 silly lifecycle eventmatch-api@1.0.0~precommit: Returned: code: 1  signal: null
11 info lifecycle eventmatch-api@1.0.0~precommit: Failed to exec precommit script
12 verbose stack Error: eventmatch-api@1.0.0 precommit: `npm run lint`
12 verbose stack Exit status 1
12 verbose stack     at EventEmitter.<anonymous> (C:\Program Files\nodejs\node_modules\npm\lib\utils\lifecycle.js:232:16)
12 verbose stack     at emitTwo (events.js:100:13)
12 verbose stack     at EventEmitter.emit (events.js:185:7)
12 verbose stack     at ChildProcess.<anonymous> (C:\Program Files\nodejs\node_modules\npm\lib\utils\spawn.js:24:14)
12 verbose stack     at emitTwo (events.js:100:13)
12 verbose stack     at ChildProcess.emit (events.js:185:7)
12 verbose stack     at maybeClose (internal/child_process.js:827:16)
12 verbose stack     at Process.ChildProcess._handle.onexit (internal/child_process.js:211:5)
13 verbose pkgid eventmatch-api@1.0.0
14 verbose cwd D:\workspace\senac\eventmatch-api
15 error Windows_NT 10.0.14393
16 error argv "C:\\Program Files\\nodejs\\node.exe" "C:\\Program Files\\nodejs\\node_modules\\npm\\bin\\npm-cli.js" "run" "precommit"
17 error node v5.7.0
18 error npm  v3.6.0
19 error code ELIFECYCLE
20 error eventmatch-api@1.0.0 precommit: `npm run lint`
20 error Exit status 1
21 error Failed at the eventmatch-api@1.0.0 precommit script 'npm run lint'.
21 error Make sure you have the latest version of node.js and npm installed.
21 error If you do, this is most likely a problem with the eventmatch-api package,
21 error not with npm itself.
21 error Tell the author that this fails on your system:
21 error     npm run lint
21 error You can get information on how to open an issue for this project with:
21 error     npm bugs eventmatch-api
21 error Or if that isn't available, you can get their info via:
21 error     npm owner ls eventmatch-api
21 error There is likely additional logging output above.
22 verbose exit [ 1, true ]
